<?xml version="1.0" encoding="UTF-8"?>
<testng-results skipped="0" failed="0" ignored="0" total="2" passed="2">
  <reporter-output>
  </reporter-output>
  <suite name="Suite" duration-ms="22412" started-at="2017-09-20T11:49:34Z" finished-at="2017-09-20T11:49:56Z">
    <groups>
    </groups>
    <test name="Test" duration-ms="22412" started-at="2017-09-20T11:49:34Z" finished-at="2017-09-20T11:49:56Z">
      <class name="selenium.maven.NewTest">
        <test-method status="PASS" signature="f()[pri:0, instance:selenium.maven.NewTest@1efef64]" name="f" duration-ms="13842" started-at="2017-09-20T17:19:42Z" finished-at="2017-09-20T17:19:56Z">
          <reporter-output>
          </reporter-output>
        </test-method> <!-- f -->
      </class> <!-- selenium.maven.NewTest -->
      <class name="selenium.maven.Testdemo">
        <test-method status="PASS" signature="f()[pri:0, instance:selenium.maven.Testdemo@c4039c]" name="f" duration-ms="8431" started-at="2017-09-20T17:19:34Z" finished-at="2017-09-20T17:19:42Z">
          <reporter-output>
          </reporter-output>
        </test-method> <!-- f -->
      </class> <!-- selenium.maven.Testdemo -->
    </test> <!-- Test -->
  </suite> <!-- Suite -->
</testng-results>
