<?xml version="1.0" encoding="UTF-8"?>
<testng-results skipped="0" failed="0" ignored="0" total="2" passed="2">
  <reporter-output>
  </reporter-output>
  <suite name="Command line suite" duration-ms="46522" started-at="2017-09-20T11:46:43Z" finished-at="2017-09-20T11:47:30Z">
    <groups>
    </groups>
    <test name="Command line test" duration-ms="46522" started-at="2017-09-20T11:46:43Z" finished-at="2017-09-20T11:47:30Z">
      <class name="selenium.maven.NewTest">
        <test-method status="PASS" signature="f()[pri:0, instance:selenium.maven.NewTest@616ca2]" name="f" duration-ms="33901" started-at="2017-09-20T17:16:43Z" finished-at="2017-09-20T17:17:17Z">
          <reporter-output>
          </reporter-output>
        </test-method> <!-- f -->
      </class> <!-- selenium.maven.NewTest -->
      <class name="selenium.maven.Testdemo">
        <test-method status="PASS" signature="f()[pri:0, instance:selenium.maven.Testdemo@3e6358]" name="f" duration-ms="12592" started-at="2017-09-20T17:17:17Z" finished-at="2017-09-20T17:17:30Z">
          <reporter-output>
          </reporter-output>
        </test-method> <!-- f -->
      </class> <!-- selenium.maven.Testdemo -->
    </test> <!-- Command line test -->
  </suite> <!-- Command line suite -->
</testng-results>
